Using pre-set license
Built from '2020.3/staging' branch; Version is '2020.3.18f1 (a7d1c678663c) revision 10998214'; Using compiler version '192528614'; Build Type 'Release'
OS: 'Windows 10 Pro; OS build 22000.318; Version 2009; 64bit' Language: 'en' Physical Memory: 32682 MB
BatchMode: 1, IsHumanControllingUs: 0, StartBugReporterOnCrash: 0, Is64bit: 1, IsPro: 0

COMMAND LINE ARGUMENTS:
C:\Program Files\Unity\Hub\Editor\2020.3.18f1\Editor\Unity.exe
-adb2
-batchMode
-noUpm
-name
AssetImportWorker0
-projectPath
C:/WeeklyProto/WeeklyProto
-logFile
Logs/AssetImportWorker0.log
-srvPort
64516
Successfully changed project path to: C:/WeeklyProto/WeeklyProto
C:/WeeklyProto/WeeklyProto
Using Asset Import Pipeline V2.
Refreshing native plugins compatible for Editor in 25.52 ms, found 2 plugins.
Preloading 0 native plugins for Editor in 0.00 ms.
Initialize engine version: 2020.3.18f1 (a7d1c678663c)
[Subsystems] Discovering subsystems at path C:/Program Files/Unity/Hub/Editor/2020.3.18f1/Editor/Data/Resources/UnitySubsystems
[Subsystems] Discovering subsystems at path C:/WeeklyProto/WeeklyProto/Assets
GfxDevice: creating device client; threaded=0
Direct3D:
    Version:  Direct3D 11.0 [level 11.1]
    Renderer: NVIDIA GeForce RTX 3060 (ID=0x2504)
    Vendor:   
    VRAM:     12143 MB
    Driver:   30.0.14.9649
Initialize mono
Mono path[0] = 'C:/Program Files/Unity/Hub/Editor/2020.3.18f1/Editor/Data/Managed'
Mono path[1] = 'C:/Program Files/Unity/Hub/Editor/2020.3.18f1/Editor/Data/MonoBleedingEdge/lib/mono/unityjit'
Mono config path = 'C:/Program Files/Unity/Hub/Editor/2020.3.18f1/Editor/Data/MonoBleedingEdge/etc'
Using monoOptions --debugger-agent=transport=dt_socket,embedding=1,server=y,suspend=n,address=127.0.0.1:56700
Begin MonoManager ReloadAssembly
Registering precompiled unity dll's ...
Register platform support module: C:/Program Files/Unity/Hub/Editor/2020.3.18f1/Editor/Data/PlaybackEngines/WebGLSupport/UnityEditor.WebGL.Extensions.dll
Register platform support module: C:/Program Files/Unity/Hub/Editor/2020.3.18f1/Editor/Data/PlaybackEngines/WindowsStandaloneSupport/UnityEditor.WindowsStandalone.Extensions.dll
Registered in 0.001695 seconds.
Native extension for WindowsStandalone target not found
Native extension for WebGL target not found
Refreshing native plugins compatible for Editor in 25.82 ms, found 2 plugins.
Preloading 0 native plugins for Editor in 0.00 ms.
Mono: successfully reloaded assembly
- Completed reload, in  0.813 seconds
Domain Reload Profiling:
	ReloadAssembly (813ms)
		BeginReloadAssembly (38ms)
			ExecutionOrderSort (0ms)
			DisableScriptedObjects (0ms)
			BackupInstance (0ms)
			ReleaseScriptingObjects (0ms)
			CreateAndSetChildDomain (0ms)
		EndReloadAssembly (258ms)
			LoadAssemblies (37ms)
			RebuildTransferFunctionScriptingTraits (0ms)
			SetupTypeCache (88ms)
			ReleaseScriptCaches (0ms)
			RebuildScriptCaches (18ms)
			SetupLoadedEditorAssemblies (110ms)
				LogAssemblyErrors (0ms)
				InitializePlatformSupportModulesInManaged (3ms)
				SetLoadedEditorAssemblies (0ms)
				RefreshPlugins (26ms)
				BeforeProcessingInitializeOnLoad (11ms)
				ProcessInitializeOnLoadAttributes (52ms)
				ProcessInitializeOnLoadMethodAttributes (18ms)
				AfterProcessingInitializeOnLoad (0ms)
				EditorAssembliesLoaded (0ms)
			ExecutionOrderSort2 (0ms)
			AwakeInstancesAfterBackupRestoration (0ms)
Platform modules already initialized, skipping
Registering precompiled user dll's ...
Registered in 0.002243 seconds.
Begin MonoManager ReloadAssembly
Native extension for WindowsStandalone target not found
Native extension for WebGL target not found
Refreshing native plugins compatible for Editor in 0.34 ms, found 2 plugins.
Preloading 0 native plugins for Editor in 0.00 ms.
Mono: successfully reloaded assembly
- Completed reload, in  0.655 seconds
Domain Reload Profiling:
	ReloadAssembly (656ms)
		BeginReloadAssembly (92ms)
			ExecutionOrderSort (0ms)
			DisableScriptedObjects (3ms)
			BackupInstance (0ms)
			ReleaseScriptingObjects (0ms)
			CreateAndSetChildDomain (14ms)
		EndReloadAssembly (524ms)
			LoadAssemblies (56ms)
			RebuildTransferFunctionScriptingTraits (0ms)
			SetupTypeCache (159ms)
			ReleaseScriptCaches (0ms)
			RebuildScriptCaches (25ms)
			SetupLoadedEditorAssemblies (231ms)
				LogAssemblyErrors (0ms)
				InitializePlatformSupportModulesInManaged (4ms)
				SetLoadedEditorAssemblies (0ms)
				RefreshPlugins (0ms)
				BeforeProcessingInitializeOnLoad (53ms)
				ProcessInitializeOnLoadAttributes (165ms)
				ProcessInitializeOnLoadMethodAttributes (3ms)
				AfterProcessingInitializeOnLoad (5ms)
				EditorAssembliesLoaded (0ms)
			ExecutionOrderSort2 (0ms)
			AwakeInstancesAfterBackupRestoration (4ms)
Platform modules already initialized, skipping
========================================================================
Worker process is ready to serve import requests
Launched and connected shader compiler UnityShaderCompiler.exe after 0.03 seconds
Refreshing native plugins compatible for Editor in 0.34 ms, found 2 plugins.
Preloading 0 native plugins for Editor in 0.00 ms.
Unloading 1454 Unused Serialized files (Serialized files now loaded: 0)
System memory in use before: 76.6 MB.
System memory in use after: 76.7 MB.

Unloading 16 unused Assets to reduce memory usage. Loaded Objects now: 1903.
Total: 2.692800 ms (FindLiveObjects: 0.099600 ms CreateObjectMapping: 0.033100 ms MarkObjects: 2.492000 ms  DeleteObjects: 0.067500 ms)

AssetImportParameters requested are different than current active one (requested -> active):
  custom:framework-win-MediaFoundation: 216162199b28c13a410421893ffa2e32 -> 
  custom:video-decoder-ogg-theora: a1e56fd34408186e4bbccfd4996cb3dc -> 
  custom:container-muxer-webm: aa71ff27fc2769a1b78a27578f13a17b -> 
  custom:container-demuxer-webm: 4f35f7cbe854078d1ac9338744f61a02 -> 
  custom:container-demuxer-ogg: 62fdf1f143b41e24485cea50d1cbac27 -> 
  custom:video-encoder-webm-vp8: eb34c28f22e8b96e1ab97ce403110664 -> 
  custom:video-codec-MediaFoundation-h265: e54d7ab0439102e2317fc1e4b246158d -> 
  custom:video-decoder-webm-vp8: 9c59270c3fd7afecdb556c50c9e8de78 -> 
  custom:audio-decoder-ogg-vorbis: bf7c407c2cedff20999df2af8eb42d56 -> 
  custom:audio-encoder-webm-vorbis: bf7c407c2cedff20999df2af8eb42d56 -> 
========================================================================
Received Import Request.
  path: Assets/Scenes
  artifactKey: Guid(e1d99033aa413304d803b68cbe094523) Importer(815301076,1909f56bfc062723c751e8b465ee728b)
Start importing Assets/Scenes using Guid(e1d99033aa413304d803b68cbe094523) Importer(815301076,1909f56bfc062723c751e8b465ee728b)  -> (artifact id: '2394abf0869eb8978e4ea1da76d53def') in 0.003803 seconds 
  Import took 0.005440 seconds .

========================================================================
Received Prepare
Registering precompiled user dll's ...
Registered in 0.001981 seconds.
Begin MonoManager ReloadAssembly
Native extension for WindowsStandalone target not found
Native extension for WebGL target not found
Refreshing native plugins compatible for Editor in 0.32 ms, found 2 plugins.
Preloading 0 native plugins for Editor in 0.00 ms.
Mono: successfully reloaded assembly
- Completed reload, in  0.585 seconds
Domain Reload Profiling:
	ReloadAssembly (585ms)
		BeginReloadAssembly (87ms)
			ExecutionOrderSort (0ms)
			DisableScriptedObjects (3ms)
			BackupInstance (0ms)
			ReleaseScriptingObjects (0ms)
			CreateAndSetChildDomain (21ms)
		EndReloadAssembly (458ms)
			LoadAssemblies (55ms)
			RebuildTransferFunctionScriptingTraits (0ms)
			SetupTypeCache (152ms)
			ReleaseScriptCaches (1ms)
			RebuildScriptCaches (22ms)
			SetupLoadedEditorAssemblies (176ms)
				LogAssemblyErrors (0ms)
				InitializePlatformSupportModulesInManaged (4ms)
				SetLoadedEditorAssemblies (0ms)
				RefreshPlugins (0ms)
				BeforeProcessingInitializeOnLoad (47ms)
				ProcessInitializeOnLoadAttributes (118ms)
				ProcessInitializeOnLoadMethodAttributes (2ms)
				AfterProcessingInitializeOnLoad (4ms)
				EditorAssembliesLoaded (0ms)
			ExecutionOrderSort2 (0ms)
			AwakeInstancesAfterBackupRestoration (4ms)
Platform modules already initialized, skipping
Refreshing native plugins compatible for Editor in 0.36 ms, found 2 plugins.
Preloading 0 native plugins for Editor in 0.00 ms.
Unloading 1433 Unused Serialized files (Serialized files now loaded: 0)
System memory in use before: 75.0 MB.
System memory in use after: 75.1 MB.

Unloading 11 unused Assets to reduce memory usage. Loaded Objects now: 1905.
Total: 1.943300 ms (FindLiveObjects: 0.107700 ms CreateObjectMapping: 0.033200 ms MarkObjects: 1.791100 ms  DeleteObjects: 0.010800 ms)

AssetImportParameters requested are different than current active one (requested -> active):
  custom:framework-win-MediaFoundation: 216162199b28c13a410421893ffa2e32 -> 
  custom:video-decoder-ogg-theora: a1e56fd34408186e4bbccfd4996cb3dc -> 
  custom:container-muxer-webm: aa71ff27fc2769a1b78a27578f13a17b -> 
  custom:container-demuxer-webm: 4f35f7cbe854078d1ac9338744f61a02 -> 
  custom:container-demuxer-ogg: 62fdf1f143b41e24485cea50d1cbac27 -> 
  custom:video-encoder-webm-vp8: eb34c28f22e8b96e1ab97ce403110664 -> 
  custom:video-codec-MediaFoundation-h265: e54d7ab0439102e2317fc1e4b246158d -> 
  custom:video-decoder-webm-vp8: 9c59270c3fd7afecdb556c50c9e8de78 -> 
  custom:audio-decoder-ogg-vorbis: bf7c407c2cedff20999df2af8eb42d56 -> 
  custom:audio-encoder-webm-vorbis: bf7c407c2cedff20999df2af8eb42d56 -> 
========================================================================
Received Import Request.
  Time since last request: 441.922076 seconds.
  path: Assets/Week 10/Mixer/Run.mp3
  artifactKey: Guid(35e498f058b9eba4c81039abfd0662a7) Importer(815301076,1909f56bfc062723c751e8b465ee728b)
Start importing Assets/Week 10/Mixer/Run.mp3 using Guid(35e498f058b9eba4c81039abfd0662a7) Importer(815301076,1909f56bfc062723c751e8b465ee728b)  -> (artifact id: 'a061314d5f59f34bad09487812907231') in 0.074173 seconds 
  Import took 0.076030 seconds .

========================================================================
Received Prepare
Registering precompiled user dll's ...
Registered in 0.003500 seconds.
Begin MonoManager ReloadAssembly
Native extension for WindowsStandalone target not found
Native extension for WebGL target not found
Refreshing native plugins compatible for Editor in 0.32 ms, found 2 plugins.
Preloading 0 native plugins for Editor in 0.00 ms.
Mono: successfully reloaded assembly
- Completed reload, in  0.586 seconds
Domain Reload Profiling:
	ReloadAssembly (586ms)
		BeginReloadAssembly (86ms)
			ExecutionOrderSort (0ms)
			DisableScriptedObjects (3ms)
			BackupInstance (0ms)
			ReleaseScriptingObjects (0ms)
			CreateAndSetChildDomain (23ms)
		EndReloadAssembly (460ms)
			LoadAssemblies (55ms)
			RebuildTransferFunctionScriptingTraits (0ms)
			SetupTypeCache (159ms)
			ReleaseScriptCaches (1ms)
			RebuildScriptCaches (22ms)
			SetupLoadedEditorAssemblies (171ms)
				LogAssemblyErrors (0ms)
				InitializePlatformSupportModulesInManaged (4ms)
				SetLoadedEditorAssemblies (0ms)
				RefreshPlugins (0ms)
				BeforeProcessingInitializeOnLoad (45ms)
				ProcessInitializeOnLoadAttributes (114ms)
				ProcessInitializeOnLoadMethodAttributes (2ms)
				AfterProcessingInitializeOnLoad (4ms)
				EditorAssembliesLoaded (0ms)
			ExecutionOrderSort2 (0ms)
			AwakeInstancesAfterBackupRestoration (4ms)
Platform modules already initialized, skipping
Refreshing native plugins compatible for Editor in 0.32 ms, found 2 plugins.
Preloading 0 native plugins for Editor in 0.00 ms.
Unloading 1433 Unused Serialized files (Serialized files now loaded: 0)
System memory in use before: 78.1 MB.
System memory in use after: 78.2 MB.

Unloading 11 unused Assets to reduce memory usage. Loaded Objects now: 1916.
Total: 2.118400 ms (FindLiveObjects: 0.118900 ms CreateObjectMapping: 0.035600 ms MarkObjects: 1.952100 ms  DeleteObjects: 0.010700 ms)

AssetImportParameters requested are different than current active one (requested -> active):
  custom:framework-win-MediaFoundation: 216162199b28c13a410421893ffa2e32 -> 
  custom:video-decoder-ogg-theora: a1e56fd34408186e4bbccfd4996cb3dc -> 
  custom:container-muxer-webm: aa71ff27fc2769a1b78a27578f13a17b -> 
  custom:container-demuxer-webm: 4f35f7cbe854078d1ac9338744f61a02 -> 
  custom:container-demuxer-ogg: 62fdf1f143b41e24485cea50d1cbac27 -> 
  custom:video-encoder-webm-vp8: eb34c28f22e8b96e1ab97ce403110664 -> 
  custom:video-codec-MediaFoundation-h265: e54d7ab0439102e2317fc1e4b246158d -> 
  custom:video-decoder-webm-vp8: 9c59270c3fd7afecdb556c50c9e8de78 -> 
  custom:audio-decoder-ogg-vorbis: bf7c407c2cedff20999df2af8eb42d56 -> 
  custom:audio-encoder-webm-vorbis: bf7c407c2cedff20999df2af8eb42d56 -> 
========================================================================
Received Import Request.
  Time since last request: 128.866858 seconds.
  path: Assets/Week 10/Mixer/run1.mp3
  artifactKey: Guid(d0664f48ba597154f95218468ba64c03) Importer(815301076,1909f56bfc062723c751e8b465ee728b)
Start importing Assets/Week 10/Mixer/run1.mp3 using Guid(d0664f48ba597154f95218468ba64c03) Importer(815301076,1909f56bfc062723c751e8b465ee728b)  -> (artifact id: 'b22fad2b9ac4e5e1f188192079fee21c') in 0.035869 seconds 
  Import took 0.037738 seconds .

========================================================================
Received Prepare
Registering precompiled user dll's ...
Registered in 0.002011 seconds.
Begin MonoManager ReloadAssembly
Native extension for WindowsStandalone target not found
Native extension for WebGL target not found
Refreshing native plugins compatible for Editor in 0.32 ms, found 2 plugins.
Preloading 0 native plugins for Editor in 0.00 ms.
Mono: successfully reloaded assembly
- Completed reload, in  0.630 seconds
Domain Reload Profiling:
	ReloadAssembly (630ms)
		BeginReloadAssembly (87ms)
			ExecutionOrderSort (0ms)
			DisableScriptedObjects (3ms)
			BackupInstance (0ms)
			ReleaseScriptingObjects (0ms)
			CreateAndSetChildDomain (26ms)
		EndReloadAssembly (503ms)
			LoadAssemblies (59ms)
			RebuildTransferFunctionScriptingTraits (0ms)
			SetupTypeCache (183ms)
			ReleaseScriptCaches (1ms)
			RebuildScriptCaches (22ms)
			SetupLoadedEditorAssemblies (185ms)
				LogAssemblyErrors (0ms)
				InitializePlatformSupportModulesInManaged (4ms)
				SetLoadedEditorAssemblies (0ms)
				RefreshPlugins (0ms)
				BeforeProcessingInitializeOnLoad (50ms)
				ProcessInitializeOnLoadAttributes (124ms)
				ProcessInitializeOnLoadMethodAttributes (2ms)
				AfterProcessingInitializeOnLoad (4ms)
				EditorAssembliesLoaded (0ms)
			ExecutionOrderSort2 (0ms)
			AwakeInstancesAfterBackupRestoration (4ms)
Platform modules already initialized, skipping
Refreshing native plugins compatible for Editor in 0.32 ms, found 2 plugins.
Preloading 0 native plugins for Editor in 0.00 ms.
Unloading 1433 Unused Serialized files (Serialized files now loaded: 0)
System memory in use before: 78.1 MB.
System memory in use after: 78.2 MB.

Unloading 11 unused Assets to reduce memory usage. Loaded Objects now: 1919.
Total: 2.214600 ms (FindLiveObjects: 0.137900 ms CreateObjectMapping: 0.031900 ms MarkObjects: 2.032500 ms  DeleteObjects: 0.010900 ms)

AssetImportParameters requested are different than current active one (requested -> active):
  custom:framework-win-MediaFoundation: 216162199b28c13a410421893ffa2e32 -> 
  custom:video-decoder-ogg-theora: a1e56fd34408186e4bbccfd4996cb3dc -> 
  custom:container-muxer-webm: aa71ff27fc2769a1b78a27578f13a17b -> 
  custom:container-demuxer-webm: 4f35f7cbe854078d1ac9338744f61a02 -> 
  custom:container-demuxer-ogg: 62fdf1f143b41e24485cea50d1cbac27 -> 
  custom:video-encoder-webm-vp8: eb34c28f22e8b96e1ab97ce403110664 -> 
  custom:video-codec-MediaFoundation-h265: e54d7ab0439102e2317fc1e4b246158d -> 
  custom:video-decoder-webm-vp8: 9c59270c3fd7afecdb556c50c9e8de78 -> 
  custom:audio-decoder-ogg-vorbis: bf7c407c2cedff20999df2af8eb42d56 -> 
  custom:audio-encoder-webm-vorbis: bf7c407c2cedff20999df2af8eb42d56 -> 
========================================================================
Received Import Request.
  Time since last request: 83.866102 seconds.
  path: Assets/Week 10/Mixer/run 2.mp3
  artifactKey: Guid(bf0089e8fab6fc948be736a9d95a8849) Importer(815301076,1909f56bfc062723c751e8b465ee728b)
Start importing Assets/Week 10/Mixer/run 2.mp3 using Guid(bf0089e8fab6fc948be736a9d95a8849) Importer(815301076,1909f56bfc062723c751e8b465ee728b)  -> (artifact id: '593e394cd916787b7ecc94e74a880dc1') in 0.032897 seconds 
  Import took 0.034961 seconds .

========================================================================
Received Prepare
Registering precompiled user dll's ...
Registered in 0.002172 seconds.
Begin MonoManager ReloadAssembly
Native extension for WindowsStandalone target not found
Native extension for WebGL target not found
Refreshing native plugins compatible for Editor in 0.33 ms, found 2 plugins.
Preloading 0 native plugins for Editor in 0.00 ms.
Mono: successfully reloaded assembly
- Completed reload, in  0.606 seconds
Domain Reload Profiling:
	ReloadAssembly (606ms)
		BeginReloadAssembly (81ms)
			ExecutionOrderSort (0ms)
			DisableScriptedObjects (3ms)
			BackupInstance (0ms)
			ReleaseScriptingObjects (0ms)
			CreateAndSetChildDomain (24ms)
		EndReloadAssembly (486ms)
			LoadAssemblies (55ms)
			RebuildTransferFunctionScriptingTraits (0ms)
			SetupTypeCache (163ms)
			ReleaseScriptCaches (1ms)
			RebuildScriptCaches (24ms)
			SetupLoadedEditorAssemblies (184ms)
				LogAssemblyErrors (0ms)
				InitializePlatformSupportModulesInManaged (4ms)
				SetLoadedEditorAssemblies (0ms)
				RefreshPlugins (0ms)
				BeforeProcessingInitializeOnLoad (49ms)
				ProcessInitializeOnLoadAttributes (123ms)
				ProcessInitializeOnLoadMethodAttributes (2ms)
				AfterProcessingInitializeOnLoad (5ms)
				EditorAssembliesLoaded (0ms)
			ExecutionOrderSort2 (0ms)
			AwakeInstancesAfterBackupRestoration (5ms)
Platform modules already initialized, skipping
Refreshing native plugins compatible for Editor in 0.32 ms, found 2 plugins.
Preloading 0 native plugins for Editor in 0.00 ms.
Unloading 1433 Unused Serialized files (Serialized files now loaded: 0)
System memory in use before: 78.2 MB.
System memory in use after: 78.3 MB.

Unloading 11 unused Assets to reduce memory usage. Loaded Objects now: 1922.
Total: 2.159100 ms (FindLiveObjects: 0.110200 ms CreateObjectMapping: 0.035100 ms MarkObjects: 2.002000 ms  DeleteObjects: 0.011100 ms)

AssetImportParameters requested are different than current active one (requested -> active):
  custom:framework-win-MediaFoundation: 216162199b28c13a410421893ffa2e32 -> 
  custom:video-decoder-ogg-theora: a1e56fd34408186e4bbccfd4996cb3dc -> 
  custom:container-muxer-webm: aa71ff27fc2769a1b78a27578f13a17b -> 
  custom:container-demuxer-webm: 4f35f7cbe854078d1ac9338744f61a02 -> 
  custom:container-demuxer-ogg: 62fdf1f143b41e24485cea50d1cbac27 -> 
  custom:video-encoder-webm-vp8: eb34c28f22e8b96e1ab97ce403110664 -> 
  custom:video-codec-MediaFoundation-h265: e54d7ab0439102e2317fc1e4b246158d -> 
  custom:video-decoder-webm-vp8: 9c59270c3fd7afecdb556c50c9e8de78 -> 
  custom:audio-decoder-ogg-vorbis: bf7c407c2cedff20999df2af8eb42d56 -> 
  custom:audio-encoder-webm-vorbis: bf7c407c2cedff20999df2af8eb42d56 -> 
========================================================================
Received Import Request.
  Time since last request: 80.336539 seconds.
  path: Assets/Week 10/MainMenu.unity
  artifactKey: Guid(c472d5611583aa34b8a87c889d6f58ee) Importer(815301076,1909f56bfc062723c751e8b465ee728b)
Start importing Assets/Week 10/MainMenu.unity using Guid(c472d5611583aa34b8a87c889d6f58ee) Importer(815301076,1909f56bfc062723c751e8b465ee728b)  -> (artifact id: '6e747fe107d576bc6c7d8278ddc14d05') in 0.008802 seconds 
  Import took 0.010756 seconds .

========================================================================
Received Import Request.
  Time since last request: 212.667981 seconds.
  path: Assets/Week 10/Levels/Nightmare.unity
  artifactKey: Guid(6c5afed758d9dde4d96232ce7a139e63) Importer(815301076,1909f56bfc062723c751e8b465ee728b)
Start importing Assets/Week 10/Levels/Nightmare.unity using Guid(6c5afed758d9dde4d96232ce7a139e63) Importer(815301076,1909f56bfc062723c751e8b465ee728b)  -> (artifact id: '55f92134d269b52a6c49a7402596698c') in 0.001797 seconds 
  Import took 0.012422 seconds .

========================================================================
Received Prepare
Registering precompiled user dll's ...
Registered in 0.001958 seconds.
Begin MonoManager ReloadAssembly
Native extension for WindowsStandalone target not found
Native extension for WebGL target not found
Refreshing native plugins compatible for Editor in 0.34 ms, found 2 plugins.
Preloading 0 native plugins for Editor in 0.00 ms.
Mono: successfully reloaded assembly
- Completed reload, in  0.578 seconds
Domain Reload Profiling:
	ReloadAssembly (578ms)
		BeginReloadAssembly (73ms)
			ExecutionOrderSort (0ms)
			DisableScriptedObjects (3ms)
			BackupInstance (0ms)
			ReleaseScriptingObjects (0ms)
			CreateAndSetChildDomain (22ms)
		EndReloadAssembly (465ms)
			LoadAssemblies (54ms)
			RebuildTransferFunctionScriptingTraits (0ms)
			SetupTypeCache (151ms)
			ReleaseScriptCaches (1ms)
			RebuildScriptCaches (22ms)
			SetupLoadedEditorAssemblies (182ms)
				LogAssemblyErrors (0ms)
				InitializePlatformSupportModulesInManaged (4ms)
				SetLoadedEditorAssemblies (0ms)
				RefreshPlugins (0ms)
				BeforeProcessingInitializeOnLoad (49ms)
				ProcessInitializeOnLoadAttributes (121ms)
				ProcessInitializeOnLoadMethodAttributes (2ms)
				AfterProcessingInitializeOnLoad (4ms)
				EditorAssembliesLoaded (0ms)
			ExecutionOrderSort2 (0ms)
			AwakeInstancesAfterBackupRestoration (4ms)
Platform modules already initialized, skipping
Refreshing native plugins compatible for Editor in 0.34 ms, found 2 plugins.
Preloading 0 native plugins for Editor in 0.00 ms.
Unloading 1433 Unused Serialized files (Serialized files now loaded: 0)
System memory in use before: 78.2 MB.
System memory in use after: 78.3 MB.

Unloading 11 unused Assets to reduce memory usage. Loaded Objects now: 1924.
Total: 2.036400 ms (FindLiveObjects: 0.117200 ms CreateObjectMapping: 0.039500 ms MarkObjects: 1.867700 ms  DeleteObjects: 0.011300 ms)

AssetImportParameters requested are different than current active one (requested -> active):
  custom:framework-win-MediaFoundation: 216162199b28c13a410421893ffa2e32 -> 
  custom:video-decoder-ogg-theora: a1e56fd34408186e4bbccfd4996cb3dc -> 
  custom:container-muxer-webm: aa71ff27fc2769a1b78a27578f13a17b -> 
  custom:container-demuxer-webm: 4f35f7cbe854078d1ac9338744f61a02 -> 
  custom:container-demuxer-ogg: 62fdf1f143b41e24485cea50d1cbac27 -> 
  custom:video-encoder-webm-vp8: eb34c28f22e8b96e1ab97ce403110664 -> 
  custom:video-codec-MediaFoundation-h265: e54d7ab0439102e2317fc1e4b246158d -> 
  custom:video-decoder-webm-vp8: 9c59270c3fd7afecdb556c50c9e8de78 -> 
  custom:audio-decoder-ogg-vorbis: bf7c407c2cedff20999df2af8eb42d56 -> 
  custom:audio-encoder-webm-vorbis: bf7c407c2cedff20999df2af8eb42d56 -> 
========================================================================
Received Import Request.
  Time since last request: 1739.374349 seconds.
  path: Assets/Week 10/Mixer/Scary music.mp3
  artifactKey: Guid(610ea65e2736cc846baafa0b0f8291a8) Importer(815301076,1909f56bfc062723c751e8b465ee728b)
Start importing Assets/Week 10/Mixer/Scary music.mp3 using Guid(610ea65e2736cc846baafa0b0f8291a8) Importer(815301076,1909f56bfc062723c751e8b465ee728b)  -> (artifact id: '387ca3791ffa624adcb194ef7610f8d5') in 0.032051 seconds 
  Import took 0.034876 seconds .

========================================================================
Received Import Request.
  Time since last request: 14.017611 seconds.
  path: Assets/Week 10/Levels/End Scene.unity
  artifactKey: Guid(0e82c9c3d2c129641b472e2e932bc346) Importer(815301076,1909f56bfc062723c751e8b465ee728b)
Start importing Assets/Week 10/Levels/End Scene.unity using Guid(0e82c9c3d2c129641b472e2e932bc346) Importer(815301076,1909f56bfc062723c751e8b465ee728b)  -> (artifact id: '1161b368570fa9463cedf01269cd96a6') in 0.001856 seconds 
  Import took 0.003710 seconds .

========================================================================
Received Import Request.
  Time since last request: 0.000257 seconds.
  path: Assets/Week 10/Levels/End Scene.unity
  artifactKey: Guid(0e82c9c3d2c129641b472e2e932bc346) Importer(815301076,1909f56bfc062723c751e8b465ee728b)
Start importing Assets/Week 10/Levels/End Scene.unity using Guid(0e82c9c3d2c129641b472e2e932bc346) Importer(815301076,1909f56bfc062723c751e8b465ee728b)  -> (artifact id: '1161b368570fa9463cedf01269cd96a6') in 0.001712 seconds 
  Import took 0.003115 seconds .

========================================================================
Received Prepare
Registering precompiled user dll's ...
Registered in 0.002111 seconds.
Begin MonoManager ReloadAssembly
Native extension for WindowsStandalone target not found
Native extension for WebGL target not found
Refreshing native plugins compatible for Editor in 0.34 ms, found 2 plugins.
Preloading 0 native plugins for Editor in 0.00 ms.
Mono: successfully reloaded assembly
- Completed reload, in  0.589 seconds
Domain Reload Profiling:
	ReloadAssembly (590ms)
		BeginReloadAssembly (86ms)
			ExecutionOrderSort (0ms)
			DisableScriptedObjects (3ms)
			BackupInstance (0ms)
			ReleaseScriptingObjects (0ms)
			CreateAndSetChildDomain (23ms)
		EndReloadAssembly (464ms)
			LoadAssemblies (56ms)
			RebuildTransferFunctionScriptingTraits (0ms)
			SetupTypeCache (154ms)
			ReleaseScriptCaches (1ms)
			RebuildScriptCaches (22ms)
			SetupLoadedEditorAssemblies (176ms)
				LogAssemblyErrors (0ms)
				InitializePlatformSupportModulesInManaged (4ms)
				SetLoadedEditorAssemblies (0ms)
				RefreshPlugins (0ms)
				BeforeProcessingInitializeOnLoad (48ms)
				ProcessInitializeOnLoadAttributes (117ms)
				ProcessInitializeOnLoadMethodAttributes (2ms)
				AfterProcessingInitializeOnLoad (4ms)
				EditorAssembliesLoaded (0ms)
			ExecutionOrderSort2 (0ms)
			AwakeInstancesAfterBackupRestoration (4ms)
Platform modules already initialized, skipping
Refreshing native plugins compatible for Editor in 0.32 ms, found 2 plugins.
Preloading 0 native plugins for Editor in 0.00 ms.
Unloading 1433 Unused Serialized files (Serialized files now loaded: 0)
System memory in use before: 78.2 MB.
System memory in use after: 78.3 MB.

Unloading 11 unused Assets to reduce memory usage. Loaded Objects now: 1927.
Total: 2.095000 ms (FindLiveObjects: 0.125500 ms CreateObjectMapping: 0.037100 ms MarkObjects: 1.921200 ms  DeleteObjects: 0.010500 ms)

AssetImportParameters requested are different than current active one (requested -> active):
  custom:framework-win-MediaFoundation: 216162199b28c13a410421893ffa2e32 -> 
  custom:video-decoder-ogg-theora: a1e56fd34408186e4bbccfd4996cb3dc -> 
  custom:container-muxer-webm: aa71ff27fc2769a1b78a27578f13a17b -> 
  custom:container-demuxer-webm: 4f35f7cbe854078d1ac9338744f61a02 -> 
  custom:container-demuxer-ogg: 62fdf1f143b41e24485cea50d1cbac27 -> 
  custom:video-encoder-webm-vp8: eb34c28f22e8b96e1ab97ce403110664 -> 
  custom:video-codec-MediaFoundation-h265: e54d7ab0439102e2317fc1e4b246158d -> 
  custom:video-decoder-webm-vp8: 9c59270c3fd7afecdb556c50c9e8de78 -> 
  custom:audio-decoder-ogg-vorbis: bf7c407c2cedff20999df2af8eb42d56 -> 
  custom:audio-encoder-webm-vorbis: bf7c407c2cedff20999df2af8eb42d56 -> 
========================================================================
Received Prepare
Registering precompiled user dll's ...
Registered in 0.002149 seconds.
Begin MonoManager ReloadAssembly
Native extension for WindowsStandalone target not found
Native extension for WebGL target not found
Refreshing native plugins compatible for Editor in 0.33 ms, found 2 plugins.
Preloading 0 native plugins for Editor in 0.00 ms.
Mono: successfully reloaded assembly
- Completed reload, in  0.608 seconds
Domain Reload Profiling:
	ReloadAssembly (608ms)
		BeginReloadAssembly (86ms)
			ExecutionOrderSort (0ms)
			DisableScriptedObjects (3ms)
			BackupInstance (0ms)
			ReleaseScriptingObjects (0ms)
			CreateAndSetChildDomain (21ms)
		EndReloadAssembly (483ms)
			LoadAssemblies (57ms)
			RebuildTransferFunctionScriptingTraits (0ms)
			SetupTypeCache (159ms)
			ReleaseScriptCaches (1ms)
			RebuildScriptCaches (25ms)
			SetupLoadedEditorAssemblies (184ms)
				LogAssemblyErrors (0ms)
				InitializePlatformSupportModulesInManaged (4ms)
				SetLoadedEditorAssemblies (0ms)
				RefreshPlugins (0ms)
				BeforeProcessingInitializeOnLoad (50ms)
				ProcessInitializeOnLoadAttributes (121ms)
				ProcessInitializeOnLoadMethodAttributes (2ms)
				AfterProcessingInitializeOnLoad (5ms)
				EditorAssembliesLoaded (0ms)
			ExecutionOrderSort2 (0ms)
			AwakeInstancesAfterBackupRestoration (5ms)
Platform modules already initialized, skipping
Refreshing native plugins compatible for Editor in 0.32 ms, found 2 plugins.
Preloading 0 native plugins for Editor in 0.00 ms.
Unloading 1433 Unused Serialized files (Serialized files now loaded: 0)
System memory in use before: 78.2 MB.
System memory in use after: 78.3 MB.

Unloading 11 unused Assets to reduce memory usage. Loaded Objects now: 1929.
Total: 2.084000 ms (FindLiveObjects: 0.106300 ms CreateObjectMapping: 0.034400 ms MarkObjects: 1.931800 ms  DeleteObjects: 0.010700 ms)

AssetImportParameters requested are different than current active one (requested -> active):
  custom:framework-win-MediaFoundation: 216162199b28c13a410421893ffa2e32 -> 
  custom:video-decoder-ogg-theora: a1e56fd34408186e4bbccfd4996cb3dc -> 
  custom:container-muxer-webm: aa71ff27fc2769a1b78a27578f13a17b -> 
  custom:container-demuxer-webm: 4f35f7cbe854078d1ac9338744f61a02 -> 
  custom:container-demuxer-ogg: 62fdf1f143b41e24485cea50d1cbac27 -> 
  custom:video-encoder-webm-vp8: eb34c28f22e8b96e1ab97ce403110664 -> 
  custom:video-codec-MediaFoundation-h265: e54d7ab0439102e2317fc1e4b246158d -> 
  custom:video-decoder-webm-vp8: 9c59270c3fd7afecdb556c50c9e8de78 -> 
  custom:audio-decoder-ogg-vorbis: bf7c407c2cedff20999df2af8eb42d56 -> 
  custom:audio-encoder-webm-vorbis: bf7c407c2cedff20999df2af8eb42d56 -> 
========================================================================
Received Import Request.
  Time since last request: 1083.328641 seconds.
  path: Assets/Week 10/Mixer/kids.mp3
  artifactKey: Guid(57ac9d40bbb2fe644a1d3b929f2a3d1d) Importer(815301076,1909f56bfc062723c751e8b465ee728b)
Start importing Assets/Week 10/Mixer/kids.mp3 using Guid(57ac9d40bbb2fe644a1d3b929f2a3d1d) Importer(815301076,1909f56bfc062723c751e8b465ee728b)  -> (artifact id: '32890cc9aa3e333075ba4d4293afed55') in 0.030311 seconds 
  Import took 0.032509 seconds .

========================================================================
Received Import Request.
  Time since last request: 6.471498 seconds.
  path: Assets/Week 10/Levels/Happy.unity
  artifactKey: Guid(dc28cd2d14e4c4d4b8c1eab5d12d0699) Importer(815301076,1909f56bfc062723c751e8b465ee728b)
Start importing Assets/Week 10/Levels/Happy.unity using Guid(dc28cd2d14e4c4d4b8c1eab5d12d0699) Importer(815301076,1909f56bfc062723c751e8b465ee728b)  -> (artifact id: 'c6ce74d009c90273b1f12f6ef7eec74c') in 0.001979 seconds 
  Import took 0.003722 seconds .

========================================================================
Received Import Request.
  Time since last request: 55.204366 seconds.
  path: Assets/Week 10/MainMenu.unity
  artifactKey: Guid(c472d5611583aa34b8a87c889d6f58ee) Importer(815301076,1909f56bfc062723c751e8b465ee728b)
Start importing Assets/Week 10/MainMenu.unity using Guid(c472d5611583aa34b8a87c889d6f58ee) Importer(815301076,1909f56bfc062723c751e8b465ee728b)  -> (artifact id: '30c4b5d8ff5c783613deb131862a4ae9') in 0.001833 seconds 
  Import took 0.003627 seconds .

========================================================================
Received Prepare
Registering precompiled user dll's ...
Registered in 0.001860 seconds.
Begin MonoManager ReloadAssembly
Native extension for WindowsStandalone target not found
Native extension for WebGL target not found
Refreshing native plugins compatible for Editor in 0.34 ms, found 2 plugins.
Preloading 0 native plugins for Editor in 0.00 ms.
Mono: successfully reloaded assembly
- Completed reload, in  0.588 seconds
Domain Reload Profiling:
	ReloadAssembly (589ms)
		BeginReloadAssembly (77ms)
			ExecutionOrderSort (0ms)
			DisableScriptedObjects (3ms)
			BackupInstance (0ms)
			ReleaseScriptingObjects (0ms)
			CreateAndSetChildDomain (22ms)
		EndReloadAssembly (471ms)
			LoadAssemblies (59ms)
			RebuildTransferFunctionScriptingTraits (0ms)
			SetupTypeCache (161ms)
			ReleaseScriptCaches (1ms)
			RebuildScriptCaches (23ms)
			SetupLoadedEditorAssemblies (177ms)
				LogAssemblyErrors (0ms)
				InitializePlatformSupportModulesInManaged (4ms)
				SetLoadedEditorAssemblies (0ms)
				RefreshPlugins (0ms)
				BeforeProcessingInitializeOnLoad (47ms)
				ProcessInitializeOnLoadAttributes (118ms)
				ProcessInitializeOnLoadMethodAttributes (3ms)
				AfterProcessingInitializeOnLoad (4ms)
				EditorAssembliesLoaded (0ms)
			ExecutionOrderSort2 (0ms)
			AwakeInstancesAfterBackupRestoration (4ms)
Platform modules already initialized, skipping
Refreshing native plugins compatible for Editor in 0.32 ms, found 2 plugins.
Preloading 0 native plugins for Editor in 0.00 ms.
Unloading 1433 Unused Serialized files (Serialized files now loaded: 0)
System memory in use before: 78.2 MB.
System memory in use after: 78.3 MB.

Unloading 11 unused Assets to reduce memory usage. Loaded Objects now: 1932.
Total: 1.934600 ms (FindLiveObjects: 0.107300 ms CreateObjectMapping: 0.024900 ms MarkObjects: 1.790600 ms  DeleteObjects: 0.011200 ms)

AssetImportParameters requested are different than current active one (requested -> active):
  custom:framework-win-MediaFoundation: 216162199b28c13a410421893ffa2e32 -> 
  custom:video-decoder-ogg-theora: a1e56fd34408186e4bbccfd4996cb3dc -> 
  custom:container-muxer-webm: aa71ff27fc2769a1b78a27578f13a17b -> 
  custom:container-demuxer-webm: 4f35f7cbe854078d1ac9338744f61a02 -> 
  custom:container-demuxer-ogg: 62fdf1f143b41e24485cea50d1cbac27 -> 
  custom:video-encoder-webm-vp8: eb34c28f22e8b96e1ab97ce403110664 -> 
  custom:video-codec-MediaFoundation-h265: e54d7ab0439102e2317fc1e4b246158d -> 
  custom:video-decoder-webm-vp8: 9c59270c3fd7afecdb556c50c9e8de78 -> 
  custom:audio-decoder-ogg-vorbis: bf7c407c2cedff20999df2af8eb42d56 -> 
  custom:audio-encoder-webm-vorbis: bf7c407c2cedff20999df2af8eb42d56 -> 
========================================================================
Received Import Request.
  Time since last request: 26.314883 seconds.
  path: Assets/Week 10/Levels/Happy.unity
  artifactKey: Guid(dc28cd2d14e4c4d4b8c1eab5d12d0699) Importer(815301076,1909f56bfc062723c751e8b465ee728b)
Start importing Assets/Week 10/Levels/Happy.unity using Guid(dc28cd2d14e4c4d4b8c1eab5d12d0699) Importer(815301076,1909f56bfc062723c751e8b465ee728b)  -> (artifact id: '621353279fbe52a70c22ff983455085f') in 0.008820 seconds 
  Import took 0.010830 seconds .

========================================================================
Received Import Request.
  Time since last request: 91.449225 seconds.
  path: Assets/Week 10/Levels/Nightmare.unity
  artifactKey: Guid(6c5afed758d9dde4d96232ce7a139e63) Importer(815301076,1909f56bfc062723c751e8b465ee728b)
Start importing Assets/Week 10/Levels/Nightmare.unity using Guid(6c5afed758d9dde4d96232ce7a139e63) Importer(815301076,1909f56bfc062723c751e8b465ee728b)  -> (artifact id: '365a9964fa4fd94d376ea73f19432139') in 0.001935 seconds 
  Import took 0.003727 seconds .

========================================================================
Received Import Request.
  Time since last request: 0.001886 seconds.
  path: Assets/Week 10/Levels/Nightmare.unity
  artifactKey: Guid(6c5afed758d9dde4d96232ce7a139e63) Importer(815301076,1909f56bfc062723c751e8b465ee728b)
Start importing Assets/Week 10/Levels/Nightmare.unity using Guid(6c5afed758d9dde4d96232ce7a139e63) Importer(815301076,1909f56bfc062723c751e8b465ee728b)  -> (artifact id: '365a9964fa4fd94d376ea73f19432139') in 0.001568 seconds 
  Import took 0.002948 seconds .

========================================================================
Received Import Request.
  Time since last request: 50.478441 seconds.
  path: Assets/Week 10/Levels/Happy.unity
  artifactKey: Guid(dc28cd2d14e4c4d4b8c1eab5d12d0699) Importer(815301076,1909f56bfc062723c751e8b465ee728b)
Start importing Assets/Week 10/Levels/Happy.unity using Guid(dc28cd2d14e4c4d4b8c1eab5d12d0699) Importer(815301076,1909f56bfc062723c751e8b465ee728b)  -> (artifact id: '6ded4870fcc91129e982f03438d5e97c') in 0.002005 seconds 
  Import took 0.004127 seconds .

========================================================================
Received Import Request.
  Time since last request: 0.000217 seconds.
  path: Assets/Week 10/Levels/Happy.unity
  artifactKey: Guid(dc28cd2d14e4c4d4b8c1eab5d12d0699) Importer(815301076,1909f56bfc062723c751e8b465ee728b)
Start importing Assets/Week 10/Levels/Happy.unity using Guid(dc28cd2d14e4c4d4b8c1eab5d12d0699) Importer(815301076,1909f56bfc062723c751e8b465ee728b)  -> (artifact id: '6ded4870fcc91129e982f03438d5e97c') in 0.001511 seconds 
  Import took 0.002824 seconds .

========================================================================
Received Prepare
Registering precompiled user dll's ...
Registered in 0.001962 seconds.
Begin MonoManager ReloadAssembly
Native extension for WindowsStandalone target not found
Native extension for WebGL target not found
Refreshing native plugins compatible for Editor in 0.32 ms, found 2 plugins.
Preloading 0 native plugins for Editor in 0.00 ms.
Mono: successfully reloaded assembly
- Completed reload, in  0.581 seconds
Domain Reload Profiling:
	ReloadAssembly (582ms)
		BeginReloadAssembly (82ms)
			ExecutionOrderSort (0ms)
			DisableScriptedObjects (3ms)
			BackupInstance (0ms)
			ReleaseScriptingObjects (0ms)
			CreateAndSetChildDomain (20ms)
		EndReloadAssembly (461ms)
			LoadAssemblies (53ms)
			RebuildTransferFunctionScriptingTraits (0ms)
			SetupTypeCache (151ms)
			ReleaseScriptCaches (1ms)
			RebuildScriptCaches (22ms)
			SetupLoadedEditorAssemblies (176ms)
				LogAssemblyErrors (0ms)
				InitializePlatformSupportModulesInManaged (4ms)
				SetLoadedEditorAssemblies (0ms)
				RefreshPlugins (0ms)
				BeforeProcessingInitializeOnLoad (46ms)
				ProcessInitializeOnLoadAttributes (119ms)
				ProcessInitializeOnLoadMethodAttributes (2ms)
				AfterProcessingInitializeOnLoad (5ms)
				EditorAssembliesLoaded (0ms)
			ExecutionOrderSort2 (0ms)
			AwakeInstancesAfterBackupRestoration (4ms)
Platform modules already initialized, skipping
Refreshing native plugins compatible for Editor in 0.33 ms, found 2 plugins.
Preloading 0 native plugins for Editor in 0.00 ms.
Unloading 1433 Unused Serialized files (Serialized files now loaded: 0)
System memory in use before: 78.2 MB.
System memory in use after: 78.3 MB.

Unloading 11 unused Assets to reduce memory usage. Loaded Objects now: 1934.
Total: 2.110300 ms (FindLiveObjects: 0.120600 ms CreateObjectMapping: 0.041200 ms MarkObjects: 1.936700 ms  DeleteObjects: 0.011200 ms)

AssetImportParameters requested are different than current active one (requested -> active):
  custom:framework-win-MediaFoundation: 216162199b28c13a410421893ffa2e32 -> 
  custom:video-decoder-ogg-theora: a1e56fd34408186e4bbccfd4996cb3dc -> 
  custom:container-muxer-webm: aa71ff27fc2769a1b78a27578f13a17b -> 
  custom:container-demuxer-webm: 4f35f7cbe854078d1ac9338744f61a02 -> 
  custom:container-demuxer-ogg: 62fdf1f143b41e24485cea50d1cbac27 -> 
  custom:video-encoder-webm-vp8: eb34c28f22e8b96e1ab97ce403110664 -> 
  custom:video-codec-MediaFoundation-h265: e54d7ab0439102e2317fc1e4b246158d -> 
  custom:video-decoder-webm-vp8: 9c59270c3fd7afecdb556c50c9e8de78 -> 
  custom:audio-decoder-ogg-vorbis: bf7c407c2cedff20999df2af8eb42d56 -> 
  custom:audio-encoder-webm-vorbis: bf7c407c2cedff20999df2af8eb42d56 -> 
========================================================================
Received Import Request.
  Time since last request: 42.799850 seconds.
  path: Assets/Week 10/Levels/Nightmare.unity
  artifactKey: Guid(6c5afed758d9dde4d96232ce7a139e63) Importer(815301076,1909f56bfc062723c751e8b465ee728b)
Start importing Assets/Week 10/Levels/Nightmare.unity using Guid(6c5afed758d9dde4d96232ce7a139e63) Importer(815301076,1909f56bfc062723c751e8b465ee728b)  -> (artifact id: '9fbbbcdd13ab3212fe93792fd42f129b') in 0.009050 seconds 
  Import took 0.010891 seconds .

========================================================================
Received Import Request.
  Time since last request: 24.912987 seconds.
  path: Assets/Week 10/Levels/End Scene.unity
  artifactKey: Guid(0e82c9c3d2c129641b472e2e932bc346) Importer(815301076,1909f56bfc062723c751e8b465ee728b)
Start importing Assets/Week 10/Levels/End Scene.unity using Guid(0e82c9c3d2c129641b472e2e932bc346) Importer(815301076,1909f56bfc062723c751e8b465ee728b)  -> (artifact id: '2b0b80e9dbb22689af6f7151e5c6b90d') in 0.001939 seconds 
  Import took 0.003689 seconds .

========================================================================
Received Import Request.
  Time since last request: 164.294460 seconds.
  path: Assets/Week 10/MainMenu.unity
  artifactKey: Guid(c472d5611583aa34b8a87c889d6f58ee) Importer(815301076,1909f56bfc062723c751e8b465ee728b)
Start importing Assets/Week 10/MainMenu.unity using Guid(c472d5611583aa34b8a87c889d6f58ee) Importer(815301076,1909f56bfc062723c751e8b465ee728b)  -> (artifact id: 'f270bf06aa7e53c643b4c9486c070ad1') in 0.002023 seconds 
  Import took 0.003835 seconds .

========================================================================
Received Import Request.
  Time since last request: 17.377349 seconds.
  path: Assets/Week 10/Levels/Nightmare.unity
  artifactKey: Guid(6c5afed758d9dde4d96232ce7a139e63) Importer(815301076,1909f56bfc062723c751e8b465ee728b)
Start importing Assets/Week 10/Levels/Nightmare.unity using Guid(6c5afed758d9dde4d96232ce7a139e63) Importer(815301076,1909f56bfc062723c751e8b465ee728b)  -> (artifact id: 'fd30ae36649a37f7415ce8413b02d92e') in 0.001771 seconds 
  Import took 0.003475 seconds .

========================================================================
Received Import Request.
  Time since last request: 8.992651 seconds.
  path: Assets/Week 10/Levels/Models/Vargos 2/vago2@T-Pose.fbx
  artifactKey: Guid(d097c98209dfdb64c98b002c044664e2) Importer(815301076,1909f56bfc062723c751e8b465ee728b)
Start importing Assets/Week 10/Levels/Models/Vargos 2/vago2@T-Pose.fbx using Guid(d097c98209dfdb64c98b002c044664e2) Importer(815301076,1909f56bfc062723c751e8b465ee728b)  -> (artifact id: '40ceea9d086ffcd24eef0becda7a87d1') in 0.074401 seconds 
  Import took 0.076698 seconds .

========================================================================
Received Import Request.
  Time since last request: 0.001418 seconds.
  path: Assets/Week 10/Levels/Models/Vargos 2/vago2@T-Pose.fbx
  artifactKey: Guid(d097c98209dfdb64c98b002c044664e2) Importer(815301076,1909f56bfc062723c751e8b465ee728b)
Start importing Assets/Week 10/Levels/Models/Vargos 2/vago2@T-Pose.fbx using Guid(d097c98209dfdb64c98b002c044664e2) Importer(815301076,1909f56bfc062723c751e8b465ee728b)  -> (artifact id: '40ceea9d086ffcd24eef0becda7a87d1') in 0.015504 seconds 
  Import took 0.017352 seconds .

========================================================================
Received Import Request.
  Time since last request: 11.452082 seconds.
  path: Assets/Week 10/Levels/Models/Vargos 2/Materials/LSV2.png
  artifactKey: Guid(72ed5ea940d3d824a874f4b7b93fe862) Importer(815301076,1909f56bfc062723c751e8b465ee728b)
Start importing Assets/Week 10/Levels/Models/Vargos 2/Materials/LSV2.png using Guid(72ed5ea940d3d824a874f4b7b93fe862) Importer(815301076,1909f56bfc062723c751e8b465ee728b)  -> (artifact id: 'f8d5443253f197ba9183d8ff641fdeac') in 0.020983 seconds 
  Import took 0.022988 seconds .

========================================================================
Received Import Request.
  Time since last request: 0.000134 seconds.
  path: Assets/Week 10/Assets/9t5 Low Poly Playground/Characters/Prefabs/Male Playground 2.prefab
  artifactKey: Guid(4113bf0fcdc36974c90152e2ba5a9ace) Importer(815301076,1909f56bfc062723c751e8b465ee728b)
Start importing Assets/Week 10/Assets/9t5 Low Poly Playground/Characters/Prefabs/Male Playground 2.prefab using Guid(4113bf0fcdc36974c90152e2ba5a9ace) Importer(815301076,1909f56bfc062723c751e8b465ee728b)  -> (artifact id: '7d442012af1e6f867c62d3e4e7a20e78') in 0.042016 seconds 
  Import took 0.044010 seconds .

========================================================================
Received Import Request.
  Time since last request: 0.000115 seconds.
  path: Assets/Week 10/Assets/9t5 Low Poly Playground/Characters/Prefabs/Male Playground 1.prefab
  artifactKey: Guid(b038605fcb1b19f43a4c960e3fed7ce1) Importer(815301076,1909f56bfc062723c751e8b465ee728b)
Start importing Assets/Week 10/Assets/9t5 Low Poly Playground/Characters/Prefabs/Male Playground 1.prefab using Guid(b038605fcb1b19f43a4c960e3fed7ce1) Importer(815301076,1909f56bfc062723c751e8b465ee728b)  -> (artifact id: 'f023265050af7dabbcffb6501ae6578e') in 0.032333 seconds 
  Import took 0.034251 seconds .

========================================================================
Received Import Request.
  Time since last request: 0.003276 seconds.
  path: Assets/Week 10/Assets/9t5 Low Poly Playground/Characters/Prefabs/Male Playground 1.prefab
  artifactKey: Guid(b038605fcb1b19f43a4c960e3fed7ce1) Importer(815301076,1909f56bfc062723c751e8b465ee728b)
Start importing Assets/Week 10/Assets/9t5 Low Poly Playground/Characters/Prefabs/Male Playground 1.prefab using Guid(b038605fcb1b19f43a4c960e3fed7ce1) Importer(815301076,1909f56bfc062723c751e8b465ee728b)  -> (artifact id: 'f023265050af7dabbcffb6501ae6578e') in 0.019132 seconds 
  Import took 0.021297 seconds .

========================================================================
Received Prepare
Refreshing native plugins compatible for Editor in 2.52 ms, found 2 plugins.
Preloading 0 native plugins for Editor in 0.00 ms.
Unloading 9 Unused Serialized files (Serialized files now loaded: 0)
System memory in use before: 64.3 MB.
System memory in use after: 64.4 MB.

Unloading 9 unused Assets to reduce memory usage. Loaded Objects now: 1941.
Total: 2.909800 ms (FindLiveObjects: 0.188700 ms CreateObjectMapping: 0.029800 ms MarkObjects: 2.677000 ms  DeleteObjects: 0.013500 ms)

AssetImportParameters requested are different than current active one (requested -> active):
  custom:framework-win-MediaFoundation: 216162199b28c13a410421893ffa2e32 -> 
  custom:video-decoder-ogg-theora: a1e56fd34408186e4bbccfd4996cb3dc -> 
  custom:container-muxer-webm: aa71ff27fc2769a1b78a27578f13a17b -> 
  custom:container-demuxer-webm: 4f35f7cbe854078d1ac9338744f61a02 -> 
  custom:container-demuxer-ogg: 62fdf1f143b41e24485cea50d1cbac27 -> 
  custom:video-encoder-webm-vp8: eb34c28f22e8b96e1ab97ce403110664 -> 
  custom:video-codec-MediaFoundation-h265: e54d7ab0439102e2317fc1e4b246158d -> 
  custom:video-decoder-webm-vp8: 9c59270c3fd7afecdb556c50c9e8de78 -> 
  custom:audio-decoder-ogg-vorbis: bf7c407c2cedff20999df2af8eb42d56 -> 
  custom:audio-encoder-webm-vorbis: bf7c407c2cedff20999df2af8eb42d56 -> 
AssetImportWorkerClient::OnTransportError - code=2 error=End of file
